<?xml version="1.0" encoding="UTF-8"?>
<!-- Generated by org.testng.reporters.JUnitReportReporter -->
<testsuite hostname="LP-5CD6518SWX" failures="0" tests="2" name="com.google.qa.testcases.SearchPageTest" time="62.593" errors="0" timestamp="30 Nov 2019 08:51:47 GMT">
  <testcase classname="com.google.qa.testcases.SearchPageTest" name="validateHomePageTitleTest" time="25.353"/>
  <testcase classname="com.google.qa.testcases.SearchPageTest" name="firstPageTest" time="37.240"/>
</testsuite> <!-- com.google.qa.testcases.SearchPageTest -->
